<?xml version="1.0" encoding="UTF-8"?>
<!-- Generated by org.testng.reporters.JUnitReportReporter -->
<testsuite skipped="0" hostname="RAVI-PC" name="com.qa.php.tests.LoginPageTest" tests="1" failures="0" timestamp="09 Jun 2020 06:58:20 GMT" time="5.102" errors="0">
  <testcase name="verifyLoginPageTitleTest" time="5.102" classname="com.qa.php.tests.LoginPageTest"/>
</testsuite> <!-- com.qa.php.tests.LoginPageTest -->
