<?xml version="1.0" encoding="UTF-8"?>
<!-- Generated by org.testng.reporters.JUnitReportReporter -->
<testsuite skipped="5" hostname="RAVI-PC" name="com.qa.orangehrm.tests.LoginPageTest" tests="6" failures="0" timestamp="01 Jul 2020 13:49:28 GMT" time="5.206" errors="0">
  <testcase name="verifyLoginPageTitleTest" time="5.206" classname="com.qa.orangehrm.tests.LoginPageTest"/>
  <testcase name="verifyLoginButton" classname="com.qa.orangehrm.tests.LoginPageTest">
    <skipped/>
  </testcase> <!-- verifyLoginButton -->
  <testcase name="verifySocialIcons" classname="com.qa.orangehrm.tests.LoginPageTest">
    <skipped/>
  </testcase> <!-- verifySocialIcons -->
  <testcase name="login_invalidTestcases" classname="com.qa.orangehrm.tests.LoginPageTest">
    <skipped/>
  </testcase> <!-- login_invalidTestcases -->
  <testcase name="verifyForgotpaswdLink" classname="com.qa.orangehrm.tests.LoginPageTest">
    <skipped/>
  </testcase> <!-- verifyForgotpaswdLink -->
  <testcase name="loginTest" classname="com.qa.orangehrm.tests.LoginPageTest">
    <skipped/>
  </testcase> <!-- loginTest -->
</testsuite> <!-- com.qa.orangehrm.tests.LoginPageTest -->
