<?xml version="1.0" encoding="UTF-8"?>
<!-- Generated by org.testng.reporters.JUnitReportReporter -->
<testsuite skipped="0" hostname="RAVI-PC" name="com.qa.orangehrm.tests.AdminPageTest" tests="5" failures="0" timestamp="11 Jun 2020 13:36:43 GMT" time="76.133" errors="0">
  <testcase name="createUsersTest" time="16.521" classname="com.qa.orangehrm.tests.AdminPageTest"/>
  <testcase name="createUsersTest" time="14.893" classname="com.qa.orangehrm.tests.AdminPageTest"/>
  <testcase name="createUsersTest" time="14.650" classname="com.qa.orangehrm.tests.AdminPageTest"/>
  <testcase name="createUsersTest" time="15.118" classname="com.qa.orangehrm.tests.AdminPageTest"/>
  <testcase name="createUsersTest" time="14.951" classname="com.qa.orangehrm.tests.AdminPageTest"/>
</testsuite> <!-- com.qa.orangehrm.tests.AdminPageTest -->
