<?xml version="1.0" encoding="UTF-8"?>
<!-- Generated by org.testng.reporters.JUnitReportReporter -->
<testsuite skipped="0" hostname="RAVI-PC" name="com.qa.orangehrm.tests.HomePageTest" tests="3" failures="0" timestamp="10 Jun 2020 13:23:30 GMT" time="2.208" errors="0">
  <testcase name="verifyTitleTest" time="0.188" classname="com.qa.orangehrm.tests.HomePageTest"/>
  <testcase name="verifyHomepagebanner" time="1.139" classname="com.qa.orangehrm.tests.HomePageTest"/>
  <testcase name="verifyUserName" time="0.881" classname="com.qa.orangehrm.tests.HomePageTest"/>
</testsuite> <!-- com.qa.orangehrm.tests.HomePageTest -->
