<?xml version="1.0" encoding="UTF-8"?>
<!-- Generated by org.testng.reporters.JUnitReportReporter -->
<testsuite skipped="0" hostname="RAVI-PC" name="com.qa.orangehrm.tests.HomePageTest" tests="3" failures="0" timestamp="11 Jun 2020 03:48:54 GMT" time="1.515" errors="0">
  <testcase name="verifyTitleTest" time="0.029" classname="com.qa.orangehrm.tests.HomePageTest"/>
  <testcase name="verifyHomepagebanner" time="0.691" classname="com.qa.orangehrm.tests.HomePageTest"/>
  <testcase name="verifyUserName" time="0.795" classname="com.qa.orangehrm.tests.HomePageTest"/>
</testsuite> <!-- com.qa.orangehrm.tests.HomePageTest -->
