<?xml version="1.0" encoding="UTF-8"?>
<!-- Generated by org.testng.reporters.JUnitReportReporter -->
<testsuite skipped="1" hostname="RAVI-PC" name="com.qa.orangehrm.tests.LoginPageTest" tests="6" failures="0" timestamp="11 Jun 2020 03:48:54 GMT" time="10.420" errors="0">
  <testcase name="verifyLoginPageTitleTest" time="0.029" classname="com.qa.orangehrm.tests.LoginPageTest"/>
  <testcase name="verifyForgotpaswdLink" time="0.777" classname="com.qa.orangehrm.tests.LoginPageTest"/>
  <testcase name="verifyLoginButton" time="0.789" classname="com.qa.orangehrm.tests.LoginPageTest"/>
  <testcase name="verifySocialIcons" time="0.667" classname="com.qa.orangehrm.tests.LoginPageTest"/>
  <testcase name="loginTest" time="8.158" classname="com.qa.orangehrm.tests.LoginPageTest"/>
  <testcase name="login_invalidTestcases" classname="com.qa.orangehrm.tests.LoginPageTest">
    <skipped/>
  </testcase> <!-- login_invalidTestcases -->
</testsuite> <!-- com.qa.orangehrm.tests.LoginPageTest -->
